PRIMITIVE TESTING
Testing generator Default...
272 259 257 262 246 246 261 253 262 255 260 250 267 282 242 254 247 270 248 253 251 241 239 268 265 273 229 276 253 243 227 247 268 279 263 242 257 268 259 260 264 267 250 257 284 265 248 246 257 274 248 240 253 271 265 270 271 242 245 261 255 241 260 262 289 251 248 266 312 235 228 268 248 252 232 238 243 263 229 268 258 263 270 239 265 239 251 249 257 266 235 273 243 253 279 256 255 254 263 272 277 263 257 238 248 252 226 256 272 286 284 251 250 254 240 234 286 267 249 279 242 254 263 235 266 245 249 272 244 245 283 289 241 260 252 226 257 260 274 279 266 243 256 278 246 262 249 255 252 243 272 237 253 270 266 258 253 242 258 243 235 258 280 249 283 246 219 255 236 278 249 249 213 271 253 238 257 245 230 253 259 261 209 258 232 282 274 251 258 244 251 244 233 253 266 260 234 248 248 242 262 236 236 271 268 252 233 254 279 234 269 242 259 274 220 280 271 249 271 304 263 246 223 268 254 269 265 272 257 257 253 279 268 262 257 247 264 257 253 266 243 252 247 254 264 246 255 242 268 278 256 263 273 263 256 261 

Testing generator Lemer (first byte)...
256 256 256 256 256 256 256 256 256 256 256 256 256 256 256 256 256 256 256 256 256 256 256 256 256 256 256 256 256 256 256 256 256 256 256 256 256 256 256 256 256 256 256 256 256 256 256 256 256 256 256 256 256 256 256 256 256 256 256 256 256 256 256 256 256 256 256 256 256 256 256 256 256 256 256 256 256 256 256 256 256 256 256 256 256 256 256 256 256 256 256 256 256 256 256 256 256 256 256 256 256 256 256 256 256 256 256 256 256 256 256 256 256 256 256 256 256 256 256 256 256 256 256 256 256 256 256 256 256 256 256 256 256 256 256 256 256 256 256 256 256 256 256 256 256 256 256 256 256 256 256 256 256 256 256 256 256 256 256 256 256 256 256 256 256 256 256 256 256 256 256 256 256 256 256 256 256 256 256 256 256 256 256 256 256 256 256 256 256 256 256 256 256 256 256 256 256 256 256 256 256 256 256 256 256 256 256 256 256 256 256 256 256 256 256 256 256 256 256 256 256 256 256 256 256 256 256 256 256 256 256 256 256 256 256 256 256 256 256 256 256 256 256 256 256 256 256 256 256 256 256 256 256 256 256 256 

Testing generator Lemer (Last byte)...
256 264 255 254 253 254 257 261 258 253 255 248 267 244 263 264 246 263 259 251 253 260 257 257 253 254 265 242 260 260 255 261 254 251 261 250 254 258 256 261 253 260 253 260 251 251 257 260 260 254 264 251 246 267 256 248 251 255 265 263 241 267 250 261 258 253 256 260 254 249 262 253 252 257 255 261 253 261 250 253 259 259 245 266 251 263 248 263 264 246 254 262 251 261 251 256 255 264 254 259 246 262 257 252 254 255 260 253 255 270 245 255 255 254 259 259 258 251 261 254 255 263 251 253 266 250 251 262 256 257 245 263 263 248 256 260 248 263 254 256 260 259 245 258 263 244 264 250 266 251 255 254 261 256 255 260 247 247 274 244 265 254 257 250 264 252 260 254 261 244 267 254 255 260 253 246 254 267 247 259 267 243 259 260 253 264 248 257 257 255 255 257 257 258 254 250 254 264 255 250 263 258 253 254 259 253 269 253 253 255 255 255 257 250 257 253 260 265 252 252 260 258 251 258 252 253 253 264 259 250 260 255 260 253 255 260 254 248 266 257 256 248 260 255 252 265 256 252 260 246 255 265 254 257 254 252 

Testing generator L20...
249 274 277 260 237 248 252 236 244 266 241 271 272 266 281 276 256 251 229 227 268 272 266 246 265 260 296 277 264 261 249 248 251 245 237 290 248 243 267 270 222 236 265 244 281 260 261 271 249 252 244 273 260 281 256 227 267 255 279 278 273 240 245 252 257 248 255 244 270 263 250 229 235 258 243 271 279 258 261 268 241 245 242 259 234 262 248 259 278 256 275 219 257 267 235 241 248 249 284 276 229 262 234 248 259 256 242 239 257 247 267 286 252 243 245 242 274 256 280 221 267 280 263 239 227 258 241 265 252 268 235 266 244 263 244 253 277 250 255 251 244 257 247 283 266 236 275 261 288 266 274 268 239 272 268 261 258 259 256 239 260 262 265 267 264 276 261 235 272 290 267 276 243 256 244 274 262 235 308 279 271 282 247 257 246 252 272 252 252 266 233 259 272 258 220 268 251 275 281 235 228 230 275 256 274 251 233 256 263 248 257 258 217 252 264 250 231 249 258 261 250 267 238 280 255 247 275 275 244 238 238 243 250 219 257 245 239 264 248 265 234 248 251 247 219 236 238 266 280 263 263 254 269 236 265 249 

Testing generator L89...
359 383 233 250 340 326 203 243 283 296 246 248 326 328 202 242 339 310 204 226 279 298 237 219 293 280 230 226 307 291 217 194 286 251 217 226 243 277 204 252 281 259 219 233 294 281 233 220 278 316 223 233 285 271 204 221 271 286 222 233 272 296 196 221 324 298 224 213 282 300 199 202 263 277 242 236 266 275 226 213 320 289 209 224 275 319 229 229 267 299 221 213 293 302 224 232 305 272 244 209 288 285 263 219 297 330 238 225 296 279 243 216 264 293 215 222 289 285 238 225 319 293 241 202 259 262 220 199 334 316 220 238 290 310 221 209 306 298 230 235 325 316 220 217 299 274 236 206 323 292 233 218 273 271 206 208 260 310 223 253 320 268 206 192 253 280 224 204 278 270 208 232 289 271 218 224 251 266 217 212 273 282 230 220 290 276 215 191 303 282 212 199 323 312 222 228 286 271 231 216 256 286 220 250 273 282 240 215 312 280 231 246 270 290 201 208 286 300 237 217 282 298 217 223 311 292 226 229 322 291 228 217 280 262 199 230 281 265 223 222 259 291 214 220 275 303 211 209 269 283 214 229 261 270 220 213 

Testing generator Geffee...
383 112 346 174 373 147 334 188 346 149 315 181 360 135 336 169 280 212 285 220 287 253 276 197 252 256 272 215 262 229 304 184 387 153 372 176 340 154 322 190 390 133 314 190 376 140 341 197 280 245 266 196 264 240 311 187 287 242 267 189 298 239 331 218 346 147 349 179 377 161 360 204 372 150 335 168 338 153 328 176 250 230 307 179 270 215 303 193 288 238 323 204 246 247 312 200 377 148 344 175 379 143 322 180 359 144 337 190 375 139 359 157 244 255 286 211 270 237 319 215 259 233 287 209 291 225 301 217 151 375 185 337 153 388 192 339 147 347 193 332 147 337 164 341 222 258 218 322 236 262 226 306 231 294 211 311 240 263 208 280 137 389 165 340 138 385 187 372 141 366 178 352 159 354 168 368 236 273 197 309 217 272 205 326 245 279 193 284 239 238 184 313 159 376 173 335 126 353 180 329 141 388 174 313 141 376 168 353 266 262 239 325 253 277 235 309 231 268 192 324 237 272 192 307 133 368 203 394 124 387 176 360 143 342 172 320 138 368 166 354 231 248 239 289 247 281 220 288 247 244 198 319 249 282 197 308 

Testing generator BBS (last byte)...
273 253 248 276 282 246 233 269 259 233 239 255 252 253 250 252 241 255 277 254 247 250 247 250 261 284 255 277 238 277 245 259 257 251 272 252 252 263 254 242 269 263 220 271 250 270 217 255 253 242 257 271 255 253 272 251 263 242 266 241 279 294 215 233 258 255 278 266 271 257 245 295 283 247 248 253 235 272 250 282 247 223 237 276 233 240 232 244 252 245 257 265 253 255 251 239 231 272 243 255 246 254 253 283 267 269 228 268 261 262 267 278 262 233 261 255 242 226 271 255 267 261 262 252 247 243 262 223 222 243 251 263 265 253 261 233 277 251 250 247 286 266 249 278 242 267 255 284 258 262 266 238 270 246 249 244 246 266 258 296 263 217 265 224 269 248 264 252 259 253 225 237 277 246 243 248 260 241 275 237 256 268 298 261 276 276 250 262 269 279 284 242 262 264 235 264 218 223 247 240 255 227 257 243 245 273 262 262 253 258 259 253 234 264 245 271 263 246 250 263 283 289 259 257 272 250 264 262 236 282 273 273 248 281 265 272 233 233 256 260 257 267 264 283 274 279 259 255 254 249 264 246 232 257 271 237 

Testing generator BBS (last bit)...
267 271 249 284 225 261 277 242 286 261 249 254 266 265 267 267 243 252 239 258 265 268 259 265 257 281 239 262 264 261 256 241 267 258 274 233 259 275 249 255 243 233 244 253 243 250 264 246 260 274 234 242 252 234 221 248 273 240 259 257 267 273 280 269 258 242 262 248 278 227 279 242 249 276 267 274 252 268 273 239 238 253 260 256 251 270 261 266 253 234 240 244 243 248 268 249 271 264 251 220 296 262 277 271 255 254 259 259 271 254 285 240 252 283 261 263 252 235 289 252 237 247 266 248 264 249 272 243 244 229 257 240 253 255 255 226 260 268 290 236 242 268 265 240 250 268 252 259 242 286 225 229 233 269 256 273 256 254 246 268 265 235 214 235 278 276 259 267 236 254 265 257 246 226 266 254 254 267 261 284 252 276 280 240 256 276 249 261 245 261 232 278 258 256 253 253 275 246 274 255 265 249 248 254 275 255 247 277 262 250 241 246 246 247 272 258 254 286 261 248 255 232 308 259 281 254 250 261 263 244 254 260 240 239 258 235 230 272 277 244 238 272 271 256 248 245 239 254 218 248 267 255 237 261 237 264 

Testing generator Librarian...
0 0 0 0 0 0 0 0 0 0 1146 0 0 1145 0 0 0 0 0 0 0 0 0 0 0 0 0 0 0 0 0 0 11031 2 6 1 0 0 0 0 31 34 30 0 892 23 425 5 8 33 29 18 13 4 4 6 4 6 25 23 0 0 0 5 0 252 177 7 166 259 58 174 46 113 4 64 37 60 48 13 93 5 62 145 83 84 259 89 4 2 62 3 0 3 0 0 0 2273 721 1439 2360 8068 712 1491 2153 4103 70 610 1781 986 5528 1122 297 3 3480 2966 2802 1854 291 685 12 98 545 0 0 0 0 0 0 0 0 0 10 0 0 0 0 0 0 0 0 0 0 0 0 0 0 0 0 0 0 0 0 0 0 0 6 0 0 181 1 0 0 0 258 0 0 0 0 0 0 0 0 0 0 0 0 0 0 0 0 0 174 0 0 0 0 0 252 0 0 0 0 0 1 882 0 0 0 0 0 0 0 0 0 0 0 0 0 0 0 0 0 0 0 0 0 0 0 0 0 0 0 0 0 0 0 0 0 0 0 0 0 0 0 0 0 0 0 0 0 0 0 0 0 0 0 0 0 0 0 0 0 0 0 0 

PROBABILITY TESTING
Testing generator Default...
I've got Chi squared as 259.18
This value fits the 0.10 significance level (theoretical value is 283.94)
This value fits the 0.05 significance level (theoretical value is 292.15)
This value fits the 0.01 significance level (theoretical value is 307.54)

Testing generator Lemer (first byte)...
I've got Chi squared as 0.00
This value fits the 0.10 significance level (theoretical value is 283.94)
This value fits the 0.05 significance level (theoretical value is 292.15)
This value fits the 0.01 significance level (theoretical value is 307.54)

Testing generator Lemer (Last byte)...
I've got Chi squared as 35.18
This value fits the 0.10 significance level (theoretical value is 283.94)
This value fits the 0.05 significance level (theoretical value is 292.15)
This value fits the 0.01 significance level (theoretical value is 307.54)

Testing generator L20...
I've got Chi squared as 212.81
This value fits the 0.10 significance level (theoretical value is 283.94)
This value fits the 0.05 significance level (theoretical value is 292.15)
This value fits the 0.01 significance level (theoretical value is 307.54)

Testing generator L89...
I've got Chi squared as 288.07
This value does not fit the 0.10 significance level (theoretical value is 283.94)
This value fits the 0.05 significance level (theoretical value is 292.15)
This value fits the 0.01 significance level (theoretical value is 307.54)

Testing generator Geffee...
I've got Chi squared as 5823.04
This value does not fit the 0.10 significance level (theoretical value is 283.94)
This value does not fit the 0.05 significance level (theoretical value is 292.15)
This value does not fit the 0.01 significance level (theoretical value is 307.54)

Testing generator BBS (last byte)...
I've got Chi squared as 263.93
This value fits the 0.10 significance level (theoretical value is 283.94)
This value fits the 0.05 significance level (theoretical value is 292.15)
This value fits the 0.01 significance level (theoretical value is 307.54)

Testing generator BBS (last bit)...
I've got Chi squared as 271.76
This value fits the 0.10 significance level (theoretical value is 283.94)
This value fits the 0.05 significance level (theoretical value is 292.15)
This value fits the 0.01 significance level (theoretical value is 307.54)

Testing generator Librarian...
I've got Chi squared as 1022424.45
This value does not fit the 0.10 significance level (theoretical value is 283.94)
This value does not fit the 0.05 significance level (theoretical value is 292.15)
This value does not fit the 0.01 significance level (theoretical value is 307.54)

INDEPENDENCE TESTING
Testing generator Default...
I've got Chi squared as 65427.35
This value fits the 0.10 significance level (theoretical value is 65487.18)
This value fits the 0.05 significance level (theoretical value is 65618.19)
This value fits the 0.01 significance level (theoretical value is 65863.92)

Testing generator Lemer (first byte)...
I've got Chi squared as 1614774272.00
This value does not fit the 0.10 significance level (theoretical value is 65487.18)
This value does not fit the 0.05 significance level (theoretical value is 65618.19)
This value does not fit the 0.01 significance level (theoretical value is 65863.92)

Testing generator Lemer (Last byte)...
I've got Chi squared as 63262.92
This value fits the 0.10 significance level (theoretical value is 65487.18)
This value fits the 0.05 significance level (theoretical value is 65618.19)
This value fits the 0.01 significance level (theoretical value is 65863.92)

Testing generator L20...
I've got Chi squared as 63100.60
This value fits the 0.10 significance level (theoretical value is 65487.18)
This value fits the 0.05 significance level (theoretical value is 65618.19)
This value fits the 0.01 significance level (theoretical value is 65863.92)

Testing generator L89...
I've got Chi squared as 64961.54
This value fits the 0.10 significance level (theoretical value is 65487.18)
This value fits the 0.05 significance level (theoretical value is 65618.19)
This value fits the 0.01 significance level (theoretical value is 65863.92)

Testing generator Geffee...
I've got Chi squared as 102172.97
This value does not fit the 0.10 significance level (theoretical value is 65487.18)
This value does not fit the 0.05 significance level (theoretical value is 65618.19)
This value does not fit the 0.01 significance level (theoretical value is 65863.92)

Testing generator BBS (last byte)...
I've got Chi squared as 65503.05
This value does not fit the 0.10 significance level (theoretical value is 65487.18)
This value fits the 0.05 significance level (theoretical value is 65618.19)
This value fits the 0.01 significance level (theoretical value is 65863.92)

Testing generator BBS (last bit)...
I've got Chi squared as 65252.65
This value fits the 0.10 significance level (theoretical value is 65487.18)
This value fits the 0.05 significance level (theoretical value is 65618.19)
This value fits the 0.01 significance level (theoretical value is 65863.92)

Testing generator Librarian...
I've got Chi squared as 1975411376.69
This value does not fit the 0.10 significance level (theoretical value is 65487.18)
This value does not fit the 0.05 significance level (theoretical value is 65618.19)
This value does not fit the 0.01 significance level (theoretical value is 65863.92)

INTERVALS TESTING
Testing generator Default...
I've got Chi squared as 4137.06
This value fits the 0.10 significance level (theoretical value is 4195.77)
This value fits the 0.05 significance level (theoretical value is 4228.59)
This value fits the 0.01 significance level (theoretical value is 4290.14)

Testing generator Lemer (first byte)...
I've got Chi squared as 15.94
This value fits the 0.10 significance level (theoretical value is 4195.77)
This value fits the 0.05 significance level (theoretical value is 4228.59)
This value fits the 0.01 significance level (theoretical value is 4290.14)

Testing generator Lemer (Last byte)...
I've got Chi squared as 3929.49
This value fits the 0.10 significance level (theoretical value is 4195.77)
This value fits the 0.05 significance level (theoretical value is 4228.59)
This value fits the 0.01 significance level (theoretical value is 4290.14)

Testing generator L20...
I've got Chi squared as 4040.76
This value fits the 0.10 significance level (theoretical value is 4195.77)
This value fits the 0.05 significance level (theoretical value is 4228.59)
This value fits the 0.01 significance level (theoretical value is 4290.14)

Testing generator L89...
I've got Chi squared as 3973.61
This value fits the 0.10 significance level (theoretical value is 4195.77)
This value fits the 0.05 significance level (theoretical value is 4228.59)
This value fits the 0.01 significance level (theoretical value is 4290.14)

Testing generator Geffee...
I've got Chi squared as 4007.47
This value fits the 0.10 significance level (theoretical value is 4195.77)
This value fits the 0.05 significance level (theoretical value is 4228.59)
This value fits the 0.01 significance level (theoretical value is 4290.14)

Testing generator BBS (last byte)...
I've got Chi squared as 4154.89
This value fits the 0.10 significance level (theoretical value is 4195.77)
This value fits the 0.05 significance level (theoretical value is 4228.59)
This value fits the 0.01 significance level (theoretical value is 4290.14)

Testing generator BBS (last bit)...
I've got Chi squared as 4070.37
This value fits the 0.10 significance level (theoretical value is 4195.77)
This value fits the 0.05 significance level (theoretical value is 4228.59)
This value fits the 0.01 significance level (theoretical value is 4290.14)

Testing generator Librarian...
I've got Chi squared as 199425395.56
This value does not fit the 0.10 significance level (theoretical value is 4195.77)
This value does not fit the 0.05 significance level (theoretical value is 4228.59)
This value does not fit the 0.01 significance level (theoretical value is 4290.14)

END OF TESTS
