PRIMITIVE TESTING
Testing generator Default...
1042 1005 1008 1038 1000 1044 1040 1021 996 967 1024 1022 1003 1078 1028 994 1009 995 1034 1056 1045 1009 970 1026 1032 1078 1029 1064 1088 1023 1021 999 1019 1004 1017 1033 1064 1041 1026 1007 1038 1118 998 1048 1012 976 1019 1045 1039 1044 999 1069 1019 1045 1005 1039 1016 1009 1048 1012 1047 1025 1035 1062 1082 1041 1033 997 1064 959 1019 1043 993 991 935 1001 994 1014 968 1033 1009 1050 1033 997 1020 965 1024 1002 1002 999 992 1039 973 1015 1079 1038 1092 988 1020 1037 1027 985 1035 1013 1059 1087 1000 1012 1092 1050 1059 1052 1033 1001 1031 1022 1079 1056 1021 1071 982 1021 1020 1043 1028 968 1043 1071 1016 1008 1050 1063 966 1091 1029 1027 1027 1039 1050 1032 1032 1042 1008 1086 1006 1045 1011 1001 1015 963 1061 982 1060 1010 1004 1021 1009 1021 991 1018 971 993 1060 1001 1014 1015 1043 1034 991 963 969 1027 1006 1044 966 1006 1015 1016 991 1032 1035 983 985 1016 1024 1071 997 1030 1044 1054 995 1029 1031 1026 1021 1042 989 1019 1073 982 1034 989 981 1043 1026 1030 982 1040 1047 981 1028 998 1060 1031 1018 1010 1040 984 1037 1046 1065 1027 992 1019 1003 1036 1074 1032 1006 1027 1039 1047 1109 1016 1081 1013 1070 994 1010 1068 1024 972 1009 1044 1107 990 970 1012 1033 1030 987 1023 1102 1003 1011 1039 

Testing generator Lemer (first byte)...
1024 1024 1024 1024 1024 1024 1024 1024 1024 1024 1024 1024 1024 1024 1024 1024 1024 1024 1024 1024 1024 1024 1024 1024 1024 1024 1024 1024 1024 1024 1024 1024 1024 1024 1024 1024 1024 1024 1024 1024 1024 1024 1024 1024 1024 1024 1024 1024 1024 1024 1024 1024 1024 1024 1024 1024 1024 1024 1024 1024 1024 1024 1024 1024 1024 1024 1024 1024 1024 1024 1024 1024 1024 1024 1024 1024 1024 1024 1024 1024 1024 1024 1024 1024 1024 1024 1024 1024 1024 1024 1024 1024 1024 1024 1024 1024 1024 1024 1024 1024 1024 1024 1024 1024 1024 1024 1024 1024 1024 1024 1024 1024 1024 1024 1024 1024 1024 1024 1024 1024 1024 1024 1024 1024 1024 1024 1024 1024 1024 1024 1024 1024 1024 1024 1024 1024 1024 1024 1024 1024 1024 1024 1024 1024 1024 1024 1024 1024 1024 1024 1024 1024 1024 1024 1024 1024 1024 1024 1024 1024 1024 1024 1024 1024 1024 1024 1024 1024 1024 1024 1024 1024 1024 1024 1024 1024 1024 1024 1024 1024 1024 1024 1024 1024 1024 1024 1024 1024 1024 1024 1024 1024 1024 1024 1024 1024 1024 1024 1024 1024 1024 1024 1024 1024 1024 1024 1024 1024 1024 1024 1024 1024 1024 1024 1024 1024 1024 1024 1024 1024 1024 1024 1024 1024 1024 1024 1024 1024 1024 1024 1024 1024 1024 1024 1024 1024 1024 1024 1024 1024 1024 1024 1024 1024 1024 1024 1024 1024 1024 1024 1024 1024 1024 1024 1024 1024 

Testing generator Lemer (Last byte)...
1022 1035 1021 1028 1032 1022 1025 1011 1029 1029 1010 1026 1037 1005 1030 1044 1017 1024 1027 1031 1009 1013 1037 1024 1017 1030 1031 1004 1031 1045 1006 1035 1030 1022 1018 1016 1020 1037 1021 1027 1024 1019 1018 1029 1021 1008 1026 1036 1031 1030 1039 1008 1010 1040 1039 1008 1014 1011 1039 1041 1014 1020 1021 1023 1015 1040 1014 1043 1018 1013 1029 1019 1012 1024 1038 1024 1019 1037 1025 998 1028 1037 1012 1024 1027 1035 1020 1016 1043 1006 1022 1028 1033 1018 1024 1014 1028 1036 1018 1040 1026 1028 1029 1007 1011 1015 1031 1027 1018 1040 1029 1013 1019 1019 1018 1038 1030 1019 1023 1027 1022 1028 1025 1029 1023 1023 1015 1038 1028 1015 1015 1032 1014 1028 1030 1028 1019 1024 1035 1012 1034 1020 1027 1000 1028 1027 1021 1019 1036 1042 1011 1026 1021 1026 1024 1035 1005 1018 1034 1027 1024 1020 1025 1018 1036 1017 1024 1025 1028 1019 1034 1025 1016 1029 1012 1023 1022 1021 1033 1025 1029 1025 1000 1047 1015 1035 1020 1015 1018 1028 1022 1037 1035 1015 1025 1013 1022 1019 1036 1022 1030 1033 1004 1024 1027 1032 1026 1038 1025 1015 1022 1019 1020 1021 1016 1030 1035 1024 1036 1001 1027 1035 1025 1015 1019 1016 1036 1015 1018 1021 1021 1038 1040 1024 1020 1025 1026 1019 1023 1030 1035 1007 1029 1011 1038 1016 1032 1012 1030 1026 1004 1047 1018 1026 1012 1021 

Testing generator L20...
991 1043 1081 1065 988 1024 998 1009 1003 1031 1021 1019 1063 992 1038 995 1047 976 1037 952 1014 1037 1018 1012 1046 1007 1034 1059 1050 993 1049 1020 1013 1026 997 1033 1038 989 1054 1084 982 1028 1042 1033 1035 1064 1042 1079 1019 1017 1027 1048 1084 1036 1027 1016 1062 1020 1045 1027 997 1022 977 1000 996 1064 987 996 1070 1037 1036 1018 1025 993 1026 1017 1064 1052 1037 1067 971 1043 1022 1045 1030 1021 978 1044 1034 1047 1031 963 1058 1042 1025 1050 1037 1013 1025 992 1018 1072 1009 1056 1072 1018 1034 1056 1031 988 1009 1054 1042 995 999 1042 1038 1054 1060 980 1023 1046 1033 1002 1020 979 1000 1018 1012 1084 1011 1011 1009 992 1006 1018 1037 1034 1035 1016 1000 1009 978 1062 1026 1018 1046 1015 1062 1000 1035 1051 1042 1046 1016 1036 1021 1036 1004 1027 1061 1004 1065 981 1040 1046 1062 1017 1013 991 1033 1034 965 992 1016 1042 1067 998 1080 1044 1020 1032 1035 984 1029 1008 1084 1027 1018 982 973 1059 1078 1019 956 1042 1007 1045 1004 1023 972 968 1033 1004 1006 1021 1001 1021 1039 992 994 1046 1019 1018 1029 1036 1023 987 1025 1035 1043 1076 1051 1069 1007 977 1001 1022 1004 965 988 1032 1010 955 1026 1028 1006 1033 1053 1049 1010 1015 1002 1046 987 1027 964 1042 1035 1043 1023 1032 1070 992 1020 1022 

Testing generator L89...
1168 1214 1007 963 1110 1091 965 1028 1013 1051 964 1068 1072 1099 968 1021 1125 1113 988 992 1009 1104 1036 918 1076 1047 907 1030 1044 1091 950 950 1040 980 990 985 1051 1054 972 1007 1045 1015 969 976 1071 1044 986 977 1063 1104 1022 1030 1023 1111 972 963 1054 1112 972 969 1044 1082 914 978 1118 1105 968 968 1039 1095 940 968 1037 1060 968 972 1117 1078 997 976 1120 1057 962 991 1068 1131 969 1014 1038 1078 976 1022 1067 1065 954 998 1046 1018 1005 941 1068 1042 995 982 1137 1091 1034 998 1092 1059 1013 987 1055 1085 957 1016 1068 1055 952 1004 1051 1103 1014 996 1040 995 961 962 1139 1075 962 1018 1072 1108 955 979 1090 1044 959 1006 1091 1109 948 963 1113 1090 998 913 1102 1064 1034 966 1033 1004 953 982 1057 1077 1021 1045 1157 1066 947 941 1041 1058 938 946 1019 1061 982 1035 1001 1043 960 993 1068 1028 959 957 1069 1017 973 943 1106 1027 966 964 1081 1087 937 959 1059 1108 975 1002 1098 1102 973 1025 1032 1053 967 1002 1057 1000 1016 955 1115 1073 972 1011 1050 1062 939 946 1095 1064 1024 974 1070 1035 1019 975 1065 1078 979 996 1066 1064 983 962 1115 1045 944 932 1063 1036 990 978 1056 1070 1020 982 1015 1082 939 914 1076 1025 996 982 1035 1034 1041 939 

Testing generator Geffee...
1496 529 1323 708 1522 587 1323 737 1438 589 1368 728 1475 551 1341 688 1080 916 1160 867 1107 988 1181 835 1067 966 1200 830 1038 932 1253 805 1497 612 1274 728 1436 562 1362 769 1517 556 1339 705 1422 574 1363 727 1079 941 1157 804 1085 969 1242 839 1139 949 1167 819 1081 945 1182 778 1483 599 1382 730 1490 620 1367 711 1484 569 1343 713 1426 565 1378 762 1082 944 1191 795 1054 934 1269 795 1068 952 1233 844 1064 983 1283 839 1526 596 1340 706 1395 572 1352 696 1385 536 1352 737 1515 568 1401 692 1116 960 1216 868 1074 930 1215 829 1104 940 1137 818 1094 903 1213 841 591 1472 708 1339 595 1484 716 1305 593 1515 713 1375 603 1508 707 1359 987 1061 877 1269 960 1076 819 1273 923 1087 833 1226 945 1063 840 1161 568 1501 687 1324 560 1505 696 1362 569 1478 710 1322 568 1481 692 1373 980 1089 830 1253 916 1091 850 1246 949 1105 794 1217 956 1037 792 1235 587 1473 686 1344 576 1472 705 1386 508 1484 731 1347 594 1436 680 1377 964 1093 855 1223 982 1079 816 1211 964 1115 815 1228 954 1116 800 1210 531 1434 699 1400 555 1520 725 1356 592 1485 705 1314 587 1511 660 1348 964 1031 853 1207 930 1090 880 1234 966 1054 829 1221 961 1084 826 1236 

Testing generator BBS (last byte)...
1046 992 1029 1034 1083 977 992 1043 1026 1043 982 1023 1031 1029 1035 1016 997 1054 1032 1004 1018 1006 989 1028 1050 1084 1028 1051 1032 1081 966 1064 992 999 1037 1032 1042 999 1051 960 1031 1012 937 1002 1054 1052 1042 995 985 979 1019 1048 1038 1011 1070 993 1072 998 1042 1018 995 1023 987 1017 1044 1031 1060 1038 1065 1034 1011 1103 1049 1026 1055 1023 994 1007 1015 1046 1035 951 1000 1066 1020 1038 966 1041 1024 970 1034 1020 1087 996 992 1002 1046 1022 1024 999 985 1066 1032 1054 1060 996 986 1057 999 1032 1047 1021 1051 942 1019 1021 1000 1012 1055 994 1010 1036 1040 1022 1051 1019 1076 975 1016 1013 1040 1040 1017 1058 1063 1074 1077 1033 988 957 1048 1094 1054 1037 977 1036 1033 1062 1015 1049 1058 995 1034 994 1039 1030 1055 1043 1009 1068 1063 1008 1018 960 1069 1016 1054 1049 1026 974 991 1001 1051 1043 987 1078 1038 1018 1036 990 1013 1050 1031 1047 1050 1034 1043 1028 1065 1027 1059 989 1003 979 999 1015 966 955 1034 988 1028 1001 963 960 993 1062 1060 1050 1023 1041 992 1011 1032 1007 1039 1079 1033 991 995 1022 1074 1067 1044 1026 1043 1041 1050 1071 1016 1054 979 989 994 996 1023 1059 992 991 971 1027 1012 1055 1042 1071 1099 1062 1006 1008 967 1003 1017 992 985 974 1012 1010 

Testing generator BBS (last bit)...
1049 1042 1031 1052 1000 1037 1020 1011 985 1029 1029 1017 1074 1014 1028 976 1023 1024 1003 1030 1006 1034 978 1047 986 1042 1006 1017 1029 1018 1030 1008 1047 1038 1035 1033 1059 1056 1041 1044 1017 975 1071 1008 966 1030 1065 1009 1016 1007 1007 1007 1042 930 1038 1061 1083 972 995 1007 1075 1051 1005 1036 995 997 1035 1000 1030 966 1039 1006 1042 1067 1021 1075 1031 1043 1021 1016 1013 1065 1042 1036 988 1011 1053 1007 1049 981 1014 1050 1036 983 1019 1018 1040 1002 1035 935 1067 1019 1043 1026 1100 1008 1012 993 1000 1044 1093 1031 1055 1014 1062 1098 1046 997 1074 995 970 1049 1040 1027 1046 1028 1011 1038 1006 999 1033 1001 1002 1021 1007 1006 1067 1020 1076 955 944 1005 1035 1038 1026 1057 1004 1044 997 1082 1000 1054 1013 1051 1051 1013 1047 1030 1010 1035 1041 1038 1022 1029 1034 1020 1051 1039 1013 1036 1085 1035 990 1016 1000 1034 981 1060 997 1059 996 1068 990 1030 1013 1000 1002 1051 1036 1034 988 1059 1003 995 1029 1050 1086 1004 1052 1030 1040 1007 1009 1031 1050 988 955 1069 1017 1060 1031 971 985 1013 1063 1055 1038 1096 1041 1024 1056 960 1047 1028 1070 993 1029 1020 1030 1007 994 991 984 949 1017 1059 1034 1031 1060 979 1037 1052 1052 1062 1023 1008 915 1006 960 981 1049 1016 956 1072 1003 998 

Testing generator Librarian...
0 0 0 0 0 0 0 0 0 0 4408 0 0 4407 0 0 0 0 0 0 0 0 0 0 0 0 0 0 0 0 0 0 36175 2 6 1 0 0 0 0 237 249 40 1 3817 36 1436 5 8 45 41 26 20 8 4 9 4 6 147 100 0 9 0 17 0 836 815 10 689 1203 242 806 95 248 16 173 153 284 160 89 182 25 344 639 167 294 852 337 9 2 288 3 0 3 0 0 0 9595 3086 5511 10480 34503 2696 6700 8666 17666 407 2500 7525 3985 24111 4602 1278 26 14099 12685 10939 7511 1131 2666 34 351 2047 0 0 0 0 0 0 0 0 0 22 0 0 0 0 0 0 0 0 0 0 0 0 0 0 0 0 0 0 0 0 0 0 0 17 0 0 841 1 0 0 0 1076 0 0 0 0 0 0 0 0 0 0 0 0 0 0 0 0 0 730 0 0 0 0 0 871 0 0 0 0 0 1 3557 0 0 0 0 0 0 0 0 0 0 0 0 0 0 0 0 0 0 0 0 0 0 0 0 0 0 0 0 0 0 0 0 0 0 0 0 0 0 0 0 0 0 0 0 0 0 0 0 0 0 0 0 0 0 0 0 0 0 0 0 

PROBABILITY TESTING
Testing generator Default...
I've got Chi squared as 274.47
This value fits the 0.10 significance level (theoretical value is 283.94)
This value fits the 0.05 significance level (theoretical value is 292.15)
This value fits the 0.01 significance level (theoretical value is 307.54)

Testing generator Lemer (first byte)...
I've got Chi squared as 0.00
This value fits the 0.10 significance level (theoretical value is 283.94)
This value fits the 0.05 significance level (theoretical value is 292.15)
This value fits the 0.01 significance level (theoretical value is 307.54)

Testing generator Lemer (Last byte)...
I've got Chi squared as 25.60
This value fits the 0.10 significance level (theoretical value is 283.94)
This value fits the 0.05 significance level (theoretical value is 292.15)
This value fits the 0.01 significance level (theoretical value is 307.54)

Testing generator L20...
I've got Chi squared as 190.97
This value fits the 0.10 significance level (theoretical value is 283.94)
This value fits the 0.05 significance level (theoretical value is 292.15)
This value fits the 0.01 significance level (theoretical value is 307.54)

Testing generator L89...
I've got Chi squared as 315.76
This value does not fit the 0.10 significance level (theoretical value is 283.94)
This value does not fit the 0.05 significance level (theoretical value is 292.15)
This value does not fit the 0.01 significance level (theoretical value is 307.54)

Testing generator Geffee...
I've got Chi squared as 21404.30
This value does not fit the 0.10 significance level (theoretical value is 283.94)
This value does not fit the 0.05 significance level (theoretical value is 292.15)
This value does not fit the 0.01 significance level (theoretical value is 307.54)

Testing generator BBS (last byte)...
I've got Chi squared as 261.41
This value fits the 0.10 significance level (theoretical value is 283.94)
This value fits the 0.05 significance level (theoretical value is 292.15)
This value fits the 0.01 significance level (theoretical value is 307.54)

Testing generator BBS (last bit)...
I've got Chi squared as 334.64
This value does not fit the 0.10 significance level (theoretical value is 283.94)
This value does not fit the 0.05 significance level (theoretical value is 292.15)
This value does not fit the 0.01 significance level (theoretical value is 307.54)

Testing generator Librarian...
I've got Chi squared as 4071064.88
This value does not fit the 0.10 significance level (theoretical value is 283.94)
This value does not fit the 0.05 significance level (theoretical value is 292.15)
This value does not fit the 0.01 significance level (theoretical value is 307.54)

INDEPENDENCE TESTING
Testing generator Default...
I've got Chi squared as 65149.58
This value fits the 0.10 significance level (theoretical value is 65487.18)
This value fits the 0.05 significance level (theoretical value is 65618.19)
This value fits the 0.01 significance level (theoretical value is 65863.92)

Testing generator Lemer (first byte)...
I've got Chi squared as 6459097088.00
This value does not fit the 0.10 significance level (theoretical value is 65487.18)
This value does not fit the 0.05 significance level (theoretical value is 65618.19)
This value does not fit the 0.01 significance level (theoretical value is 65863.92)

Testing generator Lemer (Last byte)...
I've got Chi squared as 62733.58
This value fits the 0.10 significance level (theoretical value is 65487.18)
This value fits the 0.05 significance level (theoretical value is 65618.19)
This value fits the 0.01 significance level (theoretical value is 65863.92)

Testing generator L20...
I've got Chi squared as 57136.64
This value fits the 0.10 significance level (theoretical value is 65487.18)
This value fits the 0.05 significance level (theoretical value is 65618.19)
This value fits the 0.01 significance level (theoretical value is 65863.92)

Testing generator L89...
I've got Chi squared as 65315.52
This value fits the 0.10 significance level (theoretical value is 65487.18)
This value fits the 0.05 significance level (theoretical value is 65618.19)
This value fits the 0.01 significance level (theoretical value is 65863.92)

Testing generator Geffee...
I've got Chi squared as 218208.69
This value does not fit the 0.10 significance level (theoretical value is 65487.18)
This value does not fit the 0.05 significance level (theoretical value is 65618.19)
This value does not fit the 0.01 significance level (theoretical value is 65863.92)

Testing generator BBS (last byte)...
I've got Chi squared as 65406.08
This value fits the 0.10 significance level (theoretical value is 65487.18)
This value fits the 0.05 significance level (theoretical value is 65618.19)
This value fits the 0.01 significance level (theoretical value is 65863.92)

Testing generator BBS (last bit)...
I've got Chi squared as 64960.00
This value fits the 0.10 significance level (theoretical value is 65487.18)
This value fits the 0.05 significance level (theoretical value is 65618.19)
This value fits the 0.01 significance level (theoretical value is 65863.92)

Testing generator Librarian...
I've got Chi squared as 7853371911.79
This value does not fit the 0.10 significance level (theoretical value is 65487.18)
This value does not fit the 0.05 significance level (theoretical value is 65618.19)
This value does not fit the 0.01 significance level (theoretical value is 65863.92)

INTERVALS TESTING
Testing generator Default...
I've got Chi squared as 4598.21
This value fits the 0.10 significance level (theoretical value is 4712.79)
This value fits the 0.05 significance level (theoretical value is 4747.60)
This value fits the 0.01 significance level (theoretical value is 4812.89)

Testing generator Lemer (first byte)...
I've got Chi squared as 8.51
This value fits the 0.10 significance level (theoretical value is 4712.79)
This value fits the 0.05 significance level (theoretical value is 4747.60)
This value fits the 0.01 significance level (theoretical value is 4812.89)

Testing generator Lemer (Last byte)...
I've got Chi squared as 4229.73
This value fits the 0.10 significance level (theoretical value is 4712.79)
This value fits the 0.05 significance level (theoretical value is 4747.60)
This value fits the 0.01 significance level (theoretical value is 4812.89)

Testing generator L20...
I've got Chi squared as 4664.44
This value fits the 0.10 significance level (theoretical value is 4712.79)
This value fits the 0.05 significance level (theoretical value is 4747.60)
This value fits the 0.01 significance level (theoretical value is 4812.89)

Testing generator L89...
I've got Chi squared as 4850.71
This value does not fit the 0.10 significance level (theoretical value is 4712.79)
This value does not fit the 0.05 significance level (theoretical value is 4747.60)
This value does not fit the 0.01 significance level (theoretical value is 4812.89)

Testing generator Geffee...
I've got Chi squared as 4652.22
This value fits the 0.10 significance level (theoretical value is 4712.79)
This value fits the 0.05 significance level (theoretical value is 4747.60)
This value fits the 0.01 significance level (theoretical value is 4812.89)

Testing generator BBS (last byte)...
I've got Chi squared as 4451.67
This value fits the 0.10 significance level (theoretical value is 4712.79)
This value fits the 0.05 significance level (theoretical value is 4747.60)
This value fits the 0.01 significance level (theoretical value is 4812.89)

Testing generator BBS (last bit)...
I've got Chi squared as 4517.94
This value fits the 0.10 significance level (theoretical value is 4712.79)
This value fits the 0.05 significance level (theoretical value is 4747.60)
This value fits the 0.01 significance level (theoretical value is 4812.89)

Testing generator Librarian...
I've got Chi squared as 906494059.83
This value does not fit the 0.10 significance level (theoretical value is 4712.79)
This value does not fit the 0.05 significance level (theoretical value is 4747.60)
This value does not fit the 0.01 significance level (theoretical value is 4812.89)

END OF TESTS
