Generating sequence from generator Default:
[ * * * * * * * * * * * * * * * * * * * * * * * * * * * * * * * * ]
Generating sequence from generator Lemer (first byte):
[ * * * * * * * * * * * * * * * * * * * * * * * * * * * * * * * * ]
Generating sequence from generator Lemer (last byte):
[ * * * * * * * * * * * * * * * * * * * * * * * * * * * * * * * * ]
Generating sequence from generator L20:
[ * * * * * * * * * * * * * * * * * * * * * * * * * * * * * * * * ]
Generating sequence from generator L89:
[ * * * * * * * * * * * * * * * * * * * * * * * * * * * * * * * * ]
Generating sequence from generator Geffee:
[ * * * * * * * * * * * * * * * * * * * * * * * * * * * * * * * * ]
Generating sequence from generator BBS (last byte):
[ * * * * * * * * * * * * * * * * * * * * * * * * * * * * * * * * ]
Generating sequence from generator BBS (last bit):
[ * * * * * * * * * * * * * * * * * * * * * * * * * * * * * * * * ]
Generating sequence from generator Librarian:
[ * * * * * * * * * * * * * * * * * * * * * * * * * * * * * * * * ]
PRIMITIVE TESTING
Testing generator Default...
4138 4162 4098 4092 4009 4079 4112 4041 4166 4181 4172 4059 4169 4152 4147 3946 4171 4209 4108 4123 4148 4057 4108 4185 4080 4113 4101 4136 4105 3985 3996 4177 4136 3993 4124 4070 4116 4103 4081 4144 4006 4017 4026 4043 4107 4159 4082 4132 4067 4058 4146 4094 4033 4065 4108 3949 4116 4108 4157 4080 4150 3943 4049 4113 4178 4122 4152 4038 4016 4128 4111 4120 4098 4052 4127 3950 3934 3989 4157 4165 3994 4136 4179 4115 4058 3989 4014 4141 4088 4133 4014 4232 4194 4024 4090 4155 4051 4027 4031 4167 4122 4079 4168 4177 4095 3997 3914 4127 4085 4053 4090 4157 4056 4087 4142 4124 4211 4118 4091 4202 4198 4093 4100 4055 4168 4127 4293 4210 4077 4106 4143 4186 4098 4149 4142 4027 4139 4105 4169 4049 4140 4190 4110 4136 4016 4225 4097 4139 4113 4130 3985 4041 4139 4179 3947 4161 4077 4181 4098 4163 4103 4118 4039 4144 4144 4052 4106 4116 4102 3992 4110 4088 4152 4065 4106 4033 3974 4100 4016 4097 4150 4097 3982 4101 4093 3973 4193 4182 4061 4039 4195 4061 4096 4118 4086 4051 4186 4154 4115 4174 3983 4053 4031 4160 4112 4107 4017 4070 4159 4156 4034 4037 4081 4142 4082 4073 4117 4014 4154 4191 4105 4261 4045 4064 4015 4179 4029 4023 3992 4012 4252 4046 4032 4026 4085 4017 4153 4077 3939 4007 4066 3994 3919 4250 4232 4068 4120 4163 3982 4060 4137 4021 3979 4038 4191 4195 

Testing generator Lemer (first byte)...
4096 4096 4096 4096 4096 4096 4096 4096 4096 4096 4096 4096 4096 4096 4096 4096 4096 4096 4096 4096 4096 4096 4096 4096 4096 4096 4096 4096 4096 4096 4096 4096 4096 4096 4096 4096 4096 4096 4096 4096 4096 4096 4096 4096 4096 4096 4096 4096 4096 4096 4096 4096 4096 4096 4096 4096 4096 4096 4096 4096 4096 4096 4096 4096 4096 4096 4096 4096 4096 4096 4096 4096 4096 4096 4096 4096 4096 4096 4096 4096 4096 4096 4096 4096 4096 4096 4096 4096 4096 4096 4096 4096 4096 4096 4096 4096 4096 4096 4096 4096 4096 4096 4096 4096 4096 4096 4096 4096 4096 4096 4096 4096 4096 4096 4096 4096 4096 4096 4096 4096 4096 4096 4096 4096 4096 4096 4096 4096 4096 4096 4096 4096 4096 4096 4096 4096 4096 4096 4096 4096 4096 4096 4096 4096 4096 4096 4096 4096 4096 4096 4096 4096 4096 4096 4096 4096 4096 4096 4096 4096 4096 4096 4096 4096 4096 4096 4096 4096 4096 4096 4096 4096 4096 4096 4096 4096 4096 4096 4096 4096 4096 4096 4096 4096 4096 4096 4096 4096 4096 4096 4096 4096 4096 4096 4096 4096 4096 4096 4096 4096 4096 4096 4096 4096 4096 4096 4096 4096 4096 4096 4096 4096 4096 4096 4096 4096 4096 4096 4096 4096 4096 4096 4096 4096 4096 4096 4096 4096 4096 4096 4096 4096 4096 4096 4096 4096 4096 4096 4096 4096 4096 4096 4096 4096 4096 4096 4096 4096 4096 4096 4096 4096 4096 4096 4096 4096 

Testing generator Lemer (last byte)...
4114 4095 4119 4103 4108 4076 4103 4076 4089 4120 4082 4074 4124 4076 4070 4118 4130 4115 4086 4077 4090 4090 4089 4094 4069 4125 4109 4098 4078 4113 4099 4110 4105 4085 4084 4055 4106 4135 4084 4095 4102 4090 4087 4099 4077 4084 4113 4110 4111 4112 4116 4083 4053 4115 4096 4096 4089 4074 4122 4118 4064 4145 4071 4109 4079 4090 4075 4107 4100 4097 4104 4070 4073 4088 4106 4135 4103 4096 4094 4066 4098 4115 4083 4101 4117 4100 4067 4108 4116 4068 4092 4090 4096 4102 4102 4093 4105 4098 4105 4103 4108 4105 4074 4083 4089 4087 4105 4087 4091 4123 4095 4098 4082 4087 4060 4118 4124 4104 4098 4091 4079 4098 4126 4089 4117 4055 4105 4091 4080 4103 4098 4106 4064 4092 4109 4110 4087 4104 4118 4084 4091 4112 4103 4082 4071 4096 4078 4096 4111 4131 4088 4113 4108 4057 4102 4091 4119 4069 4092 4086 4116 4107 4070 4098 4097 4100 4117 4071 4110 4077 4100 4129 4078 4102 4095 4077 4096 4094 4104 4103 4074 4099 4094 4134 4069 4088 4104 4079 4103 4078 4090 4137 4103 4085 4082 4107 4094 4084 4122 4108 4095 4116 4082 4061 4098 4097 4095 4121 4107 4063 4120 4069 4093 4087 4094 4110 4108 4098 4119 4067 4101 4104 4093 4077 4075 4108 4118 4078 4099 4072 4097 4104 4139 4092 4071 4141 4087 4063 4094 4090 4113 4080 4110 4110 4098 4098 4072 4079 4108 4116 4076 4092 4083 4121 4098 4078 

Testing generator L20...
4095 4096 4096 4096 4096 4096 4096 4096 4096 4096 4096 4096 4096 4096 4096 4096 4096 4096 4096 4096 4096 4096 4096 4096 4096 4096 4096 4096 4096 4096 4096 4096 4096 4096 4096 4096 4096 4096 4096 4096 4096 4096 4096 4096 4096 4096 4096 4096 4096 4096 4096 4096 4096 4096 4096 4096 4096 4096 4096 4096 4096 4096 4096 4096 4096 4096 4096 4096 4096 4096 4096 4096 4096 4096 4096 4096 4096 4096 4096 4096 4096 4096 4096 4096 4096 4096 4096 4096 4096 4096 4096 4096 4096 4096 4096 4096 4096 4096 4096 4096 4096 4096 4096 4096 4096 4096 4096 4096 4096 4096 4096 4096 4096 4096 4096 4096 4097 4096 4096 4096 4096 4096 4096 4096 4096 4096 4096 4096 4096 4096 4096 4096 4096 4096 4096 4096 4096 4096 4096 4096 4096 4096 4096 4096 4096 4096 4096 4096 4096 4096 4096 4096 4096 4096 4096 4096 4096 4096 4096 4096 4096 4096 4096 4096 4096 4096 4096 4096 4096 4096 4096 4096 4096 4096 4096 4096 4096 4096 4096 4096 4096 4096 4096 4096 4096 4096 4096 4096 4096 4096 4096 4096 4096 4096 4096 4096 4096 4096 4096 4096 4096 4096 4096 4096 4096 4096 4096 4096 4096 4096 4096 4096 4096 4096 4096 4096 4096 4096 4096 4096 4096 4096 4096 4096 4096 4096 4096 4096 4096 4096 4096 4096 4096 4096 4096 4096 4096 4096 4096 4096 4096 4096 4096 4096 4096 4096 4096 4096 4096 4096 4096 4096 4096 4096 4096 4096 

Testing generator L89...
4207 4139 4013 4176 4172 4037 4065 4195 4109 4097 4087 4002 4094 4172 4077 4063 4122 4182 4083 4114 4157 4098 4151 3971 3987 4194 4212 4110 4091 4200 4072 4055 4182 4155 3976 4082 4164 3977 4084 4137 4149 4038 4083 4150 4027 4159 4130 4091 4199 4107 4041 4055 4127 3983 4087 4036 4016 4039 4085 4136 4138 4086 4053 4078 4106 4055 4203 4106 4306 4075 4072 4149 4021 4064 4113 4115 4100 4064 4026 4075 4124 4073 4148 4131 4158 4139 4101 4058 4170 4095 4101 4074 4036 4022 4253 4070 4041 4107 4115 4156 4113 4192 4069 3932 4040 4085 4071 4092 4123 4064 4088 4005 4082 4143 4082 4047 3997 4164 4193 3995 4105 4228 4017 4116 4056 4048 4063 4141 4042 4028 4001 4081 4108 4145 4115 4007 4009 4158 4061 4091 4142 4134 4144 4148 4105 4086 4023 4095 4215 4093 4069 4120 4140 4016 4107 4038 4109 4044 4130 4129 4022 4080 4230 4069 4080 4101 4109 4022 4087 4023 4065 4031 4103 4029 4051 4132 4081 4155 4197 4137 4135 4091 3964 4093 4124 4113 4025 4001 4192 4176 4103 4071 4091 4156 4181 4088 4116 4077 4108 4095 4127 4144 4161 4101 4042 4106 4048 4125 4054 4095 4114 4052 4070 4102 4136 4100 4218 4088 4087 4147 4078 4096 4000 4096 3888 4181 4031 4029 4128 4133 4132 4013 4064 4037 4215 4168 4114 3992 4102 4053 4201 4046 4085 4018 4144 4111 4120 4002 4114 4107 4096 4206 4011 4111 4079 4194 

Testing generator Geffee...
3808 4004 3992 4052 3906 4093 4160 4124 4123 4000 4133 4057 4109 4120 3927 4126 4024 4088 4088 4074 4069 4097 4082 4053 4057 4162 4051 4165 4116 4083 4162 4092 4059 4197 4033 4050 4136 4163 4180 4088 4133 4059 4226 4075 4091 4022 4042 4069 3990 3983 4074 4152 4138 4120 4037 4191 4063 4043 4145 4102 4061 4158 4109 3969 3952 4091 4131 4149 4083 4012 4041 4101 4013 4162 4083 4021 4085 4117 4116 4215 4172 4044 4068 4146 4020 4134 4131 4077 4074 4141 4074 4047 4091 4122 4109 4152 4054 4062 4042 4159 4215 4178 4053 3979 4071 4140 3959 4100 4210 3991 4162 4087 4097 4149 4091 4148 4150 4112 4097 4135 4076 4072 4099 4126 4110 4103 4109 4122 3940 4170 4133 4160 4030 4089 4104 4023 4057 4169 4087 4110 4032 4054 4154 4111 4069 4043 4041 4146 4029 4076 4104 4190 4067 4115 4134 4092 4203 4060 4089 4174 4046 4191 4152 4001 4140 4015 4099 4154 4241 4011 4010 4099 4062 4178 4165 4014 4087 4074 4066 4119 4083 4115 4090 4081 4135 4072 4095 4115 4210 4194 4033 4061 4058 4124 4048 4063 3976 4140 4181 4126 4113 4005 4064 4094 4070 4122 4108 4126 4111 4073 4019 4115 4249 4086 4131 4101 4072 4135 4212 4049 4195 3997 4046 4046 4150 4065 4094 4173 4089 4028 4106 4105 4148 4178 4079 4198 4121 4177 4123 4176 4070 4210 4220 4109 4135 4062 4056 4170 4085 4075 4057 4209 4067 4136 4034 4166 

Testing generator BBS (last byte)...
4028 4042 4035 4121 4217 4048 4018 4221 4151 4194 4142 4064 4121 3975 4102 4020 4129 4096 4197 4082 4064 4148 4077 4101 4153 4159 4109 4159 4039 4281 3969 4222 3996 4007 4095 4130 4108 4159 4162 4059 4157 4059 4000 4086 4178 4122 4090 4094 4033 4137 4123 4120 4120 4059 4230 4260 4187 3973 4101 4154 4051 4062 4039 4016 4156 4086 4152 4213 4142 4068 4051 4224 4121 4226 4121 4142 4043 4079 4052 4110 4091 3962 4042 4206 4149 4128 3992 4084 4021 4159 4098 4152 4071 4093 3930 4113 4186 4111 4084 4086 4009 4195 4032 4144 4135 3993 4056 4089 4114 3958 4191 4093 4143 4001 4031 4134 4085 4061 4098 4038 4158 4132 4184 4117 4094 4041 4115 4043 4060 4147 4165 4109 4117 4074 4162 4074 4116 4087 4056 4047 4192 4120 4209 3990 4041 4112 4062 4185 4084 4225 4143 4136 4045 4096 4182 4110 4076 4094 4022 4066 4089 4094 4088 3976 4079 4010 4095 4091 4221 4068 4079 4096 4077 4094 4105 4079 4022 4219 4060 4055 4134 4129 4094 4062 4124 4128 4095 4140 4030 4125 4191 4069 4155 4023 4063 4078 4155 4051 4066 3974 4006 4070 4040 4021 4120 4103 4083 4185 4112 4109 4021 4087 4076 3990 4163 4034 4144 4086 4014 4037 4098 3982 4073 4178 4126 4081 4126 4097 4155 4087 4088 4048 3920 4054 4111 4104 4115 4073 4077 4078 4026 4152 4164 4104 4126 4216 4125 4003 4053 4098 4131 4096 4121 3990 4040 4093 

Testing generator BBS (last bit)...
4171 4132 4019 4101 4048 4098 4184 4098 4006 4125 4111 4121 4136 4010 4200 4067 4181 4101 4163 4065 4080 4124 4076 4054 4145 4133 3957 4154 4066 4083 4168 4118 4045 4098 4088 4041 4138 4193 4022 4128 4160 4070 4108 4085 4091 4153 4198 3991 4066 4090 4148 3978 4118 3838 4115 4059 4185 4046 4166 4074 4246 4140 4002 4096 4133 4074 4134 4081 4032 3985 4137 4094 4194 4092 4172 4175 4081 4123 3945 4159 4066 4094 4021 4056 4068 4072 4029 4177 4185 4059 4108 4196 4116 4034 4153 4122 4085 4124 4042 3984 4117 4114 4161 4143 4230 4152 4055 4049 4009 4108 4120 4026 4208 3931 4173 4096 4078 4130 4105 4081 3984 4141 4038 4083 4121 4167 4052 4103 4127 3976 4147 4109 4033 4204 4078 4106 4198 4150 4287 4044 3991 4125 4085 4059 4171 4169 4029 4136 4192 4218 4119 4125 4055 4126 4114 4066 4059 4086 4168 4239 4094 4141 4060 4091 4087 4091 4075 4057 4034 4046 4279 4170 3928 4153 4029 4120 4124 4122 3968 4179 4090 4183 3966 4111 4154 4074 4153 4055 4042 4020 4143 4076 4011 4104 4114 4184 4046 4037 4196 4169 4072 4091 4073 4049 4118 4117 3952 4128 4049 4174 4140 4069 4081 4032 4132 4078 4151 4197 4150 4058 4062 4066 4150 4170 4151 3935 4046 4126 4058 3976 4094 3946 3960 4008 4168 4183 4179 4078 4148 4054 4089 4147 4043 4177 4086 4013 4013 3980 4135 4028 4027 4038 3964 4153 4087 4112 

Testing generator Librarian...
0 0 0 0 0 0 0 0 0 0 0 0 0 0 0 0 0 0 0 0 0 0 0 0 0 0 0 0 0 0 0 0 153943 4 0 0 0 0 0 0 1168 1184 0 0 17748 0 5079 0 8 59 54 46 28 8 3 8 3 5 693 577 0 0 0 87 0 0 0 0 0 0 0 0 0 0 0 0 0 0 0 0 0 0 0 0 0 0 0 0 0 0 0 0 0 0 0 0 0 43942 17621 24678 47880 154026 12405 31611 38342 74998 1671 10405 32472 18744 103730 19447 4947 164 59656 57112 46649 33739 8143 13964 303 942 10280 0 0 0 0 0 0 0 0 0 0 0 0 0 0 0 0 0 0 0 0 0 0 0 0 0 0 0 0 0 0 0 0 0 0 0 0 0 0 0 0 0 0 0 0 0 0 0 0 0 0 0 0 0 0 0 0 0 0 0 0 0 0 0 0 0 0 0 0 0 0 0 0 0 0 0 0 0 0 0 0 0 0 0 0 0 0 0 0 0 0 0 0 0 0 0 0 0 0 0 0 0 0 0 0 0 0 0 0 0 0 0 0 0 0 0 0 0 0 0 0 0 0 0 0 0 0 0 0 0 0 0 0 0 

PROBABILITY TESTING
Testing generator Default...
I've got Chi squared as 300.62
This value does not fit the 0.10 significance level (theoretical value is 283.94)
This value does not fit the 0.05 significance level (theoretical value is 292.15)
This value fits the 0.01 significance level (theoretical value is 307.54)

Testing generator Lemer (first byte)...
I've got Chi squared as 0.00
This value fits the 0.10 significance level (theoretical value is 283.94)
This value fits the 0.05 significance level (theoretical value is 292.15)
This value fits the 0.01 significance level (theoretical value is 307.54)

Testing generator Lemer (last byte)...
I've got Chi squared as 19.60
This value fits the 0.10 significance level (theoretical value is 283.94)
This value fits the 0.05 significance level (theoretical value is 292.15)
This value fits the 0.01 significance level (theoretical value is 307.54)

Testing generator L20...
I've got Chi squared as 0.00
This value fits the 0.10 significance level (theoretical value is 283.94)
This value fits the 0.05 significance level (theoretical value is 292.15)
This value fits the 0.01 significance level (theoretical value is 307.54)

Testing generator L89...
I've got Chi squared as 229.84
This value fits the 0.10 significance level (theoretical value is 283.94)
This value fits the 0.05 significance level (theoretical value is 292.15)
This value fits the 0.01 significance level (theoretical value is 307.54)

Testing generator Geffee...
I've got Chi squared as 246.84
This value fits the 0.10 significance level (theoretical value is 283.94)
This value fits the 0.05 significance level (theoretical value is 292.15)
This value fits the 0.01 significance level (theoretical value is 307.54)

Testing generator BBS (last byte)...
I've got Chi squared as 244.94
This value fits the 0.10 significance level (theoretical value is 283.94)
This value fits the 0.05 significance level (theoretical value is 292.15)
This value fits the 0.01 significance level (theoretical value is 307.54)

Testing generator BBS (last bit)...
I've got Chi squared as 287.84
This value does not fit the 0.10 significance level (theoretical value is 283.94)
This value fits the 0.05 significance level (theoretical value is 292.15)
This value fits the 0.01 significance level (theoretical value is 307.54)

Testing generator Librarian...
I've got Chi squared as 19542277.51
This value does not fit the 0.10 significance level (theoretical value is 283.94)
This value does not fit the 0.05 significance level (theoretical value is 292.15)
This value does not fit the 0.01 significance level (theoretical value is 307.54)

INDEPENDENCE TESTING
Testing generator Default...
I've got Chi squared as 65450.13
This value fits the 0.10 significance level (theoretical value is 65487.18)
This value fits the 0.05 significance level (theoretical value is 65618.19)
This value fits the 0.01 significance level (theoretical value is 65863.92)

Testing generator Lemer (first byte)...
I've got Chi squared as 66584576.00
This value does not fit the 0.10 significance level (theoretical value is 65487.18)
This value does not fit the 0.05 significance level (theoretical value is 65618.19)
This value does not fit the 0.01 significance level (theoretical value is 65863.92)

Testing generator Lemer (last byte)...
I've got Chi squared as 61272.29
This value fits the 0.10 significance level (theoretical value is 65487.18)
This value fits the 0.05 significance level (theoretical value is 65618.19)
This value fits the 0.01 significance level (theoretical value is 65863.92)

Testing generator L20...
I've got Chi squared as 32502.53
This value fits the 0.10 significance level (theoretical value is 65487.18)
This value fits the 0.05 significance level (theoretical value is 65618.19)
This value fits the 0.01 significance level (theoretical value is 65863.92)

Testing generator L89...
I've got Chi squared as 64867.45
This value fits the 0.10 significance level (theoretical value is 65487.18)
This value fits the 0.05 significance level (theoretical value is 65618.19)
This value fits the 0.01 significance level (theoretical value is 65863.92)

Testing generator Geffee...
I've got Chi squared as 132844.82
This value does not fit the 0.10 significance level (theoretical value is 65487.18)
This value does not fit the 0.05 significance level (theoretical value is 65618.19)
This value does not fit the 0.01 significance level (theoretical value is 65863.92)

Testing generator BBS (last byte)...
I've got Chi squared as 65132.09
This value fits the 0.10 significance level (theoretical value is 65487.18)
This value fits the 0.05 significance level (theoretical value is 65618.19)
This value fits the 0.01 significance level (theoretical value is 65863.92)

Testing generator BBS (last bit)...
I've got Chi squared as 65165.39
This value fits the 0.10 significance level (theoretical value is 65487.18)
This value fits the 0.05 significance level (theoretical value is 65618.19)
This value fits the 0.01 significance level (theoretical value is 65863.92)

Testing generator Librarian...
I've got Chi squared as 1247656.25
This value does not fit the 0.10 significance level (theoretical value is 65487.18)
This value does not fit the 0.05 significance level (theoretical value is 65618.19)
This value does not fit the 0.01 significance level (theoretical value is 65863.92)

INTERVALS TESTING
Testing generator Default...
I've got Chi squared as 4969.58
This value fits the 0.10 significance level (theoretical value is 5229.44)
This value fits the 0.05 significance level (theoretical value is 5266.13)
This value fits the 0.01 significance level (theoretical value is 5334.94)

Testing generator Lemer (first byte)...
I've got Chi squared as 1.23
This value fits the 0.10 significance level (theoretical value is 5229.44)
This value fits the 0.05 significance level (theoretical value is 5266.13)
This value fits the 0.01 significance level (theoretical value is 5334.94)

Testing generator Lemer (last byte)...
I've got Chi squared as 3543.08
This value fits the 0.10 significance level (theoretical value is 5229.44)
This value fits the 0.05 significance level (theoretical value is 5266.13)
This value fits the 0.01 significance level (theoretical value is 5334.94)

Testing generator L20...
I've got Chi squared as 5115.38
This value fits the 0.10 significance level (theoretical value is 5229.44)
This value fits the 0.05 significance level (theoretical value is 5266.13)
This value fits the 0.01 significance level (theoretical value is 5334.94)

Testing generator L89...
I've got Chi squared as 5168.78
This value fits the 0.10 significance level (theoretical value is 5229.44)
This value fits the 0.05 significance level (theoretical value is 5266.13)
This value fits the 0.01 significance level (theoretical value is 5334.94)

Testing generator Geffee...
I've got Chi squared as 4898.44
This value fits the 0.10 significance level (theoretical value is 5229.44)
This value fits the 0.05 significance level (theoretical value is 5266.13)
This value fits the 0.01 significance level (theoretical value is 5334.94)

Testing generator BBS (last byte)...
I've got Chi squared as 5140.04
This value fits the 0.10 significance level (theoretical value is 5229.44)
This value fits the 0.05 significance level (theoretical value is 5266.13)
This value fits the 0.01 significance level (theoretical value is 5334.94)

Testing generator BBS (last bit)...
I've got Chi squared as 5059.74
This value fits the 0.10 significance level (theoretical value is 5229.44)
This value fits the 0.05 significance level (theoretical value is 5266.13)
This value fits the 0.01 significance level (theoretical value is 5334.94)

Testing generator Librarian...
I've got Chi squared as 4578.97
This value fits the 0.10 significance level (theoretical value is 5229.44)
This value fits the 0.05 significance level (theoretical value is 5266.13)
This value fits the 0.01 significance level (theoretical value is 5334.94)

END OF TESTS
